# JRE version: OpenJDK Runtime Environment OpenLogic-OpenJDK (17.0.10+7) (build 17.0.10+7-adhoc..jdk17u)
# Java VM: OpenJDK 64-Bit Server VM OpenLogic-OpenJDK (17.0.10+7-adhoc..jdk17u, mixed mode, sharing, tiered, compressed oops, compressed class ptrs, g1 gc, windows-amd64)
GC Precious Log:
 CPUs: 4 total, 4 available
 Memory: 8073M
 Large Page Support: Disabled
 NUMA Support: Disabled
 Compressed Oops: Enabled (32-bit)
 Heap Region Size: 1M
 Heap Min Capacity: 8M
 Heap Initial Capacity: 128M
 Heap Max Capacity: 2G
 Pre-touch: Disabled
 Parallel Workers: 4
 Concurrent Workers: 1
 Concurrent Refinement Workers: 4
 Periodic GC: Disabled
Heap:
 garbage-first heap   total 452608K, used 350720K [0x0000000080000000, 0x0000000100000000)
  region size 1024K, 171 young (175104K), 21 survivors (21504K)
 Metaspace       used 105746K, committed 107392K, reserved 557056K
  class space    used 14883K, committed 15616K, reserved 425984K
GC Heap History (20 events):
Event: 19.319 GC heap after
{Heap after GC invocations=33 (full 0):
 garbage-first heap   total 171008K, used 81052K [0x0000000080000000, 0x0000000100000000)
  region size 1024K, 4 young (4096K), 4 survivors (4096K)
 Metaspace       used 70526K, committed 71232K, reserved 491520K
  class space    used 10000K, committed 10304K, reserved 425984K
}
Event: 19.907 GC heap before
{Heap before GC invocations=34 (full 0):
 garbage-first heap   total 171008K, used 132252K [0x0000000080000000, 0x0000000100000000)
  region size 1024K, 54 young (55296K), 4 survivors (4096K)
 Metaspace       used 74588K, committed 75264K, reserved 491520K
  class space    used 10472K, committed 10816K, reserved 425984K
}
Event: 19.913 GC heap after
{Heap after GC invocations=35 (full 0):
 garbage-first heap   total 171008K, used 84837K [0x0000000080000000, 0x0000000100000000)
  region size 1024K, 6 young (6144K), 6 survivors (6144K)
 Metaspace       used 74588K, committed 75264K, reserved 491520K
  class space    used 10472K, committed 10816K, reserved 425984K
}
Event: 20.207 GC heap before
{Heap before GC invocations=35 (full 0):
 garbage-first heap   total 171008K, used 98149K [0x0000000080000000, 0x0000000100000000)
  region size 1024K, 20 young (20480K), 6 survivors (6144K)
 Metaspace       used 76410K, committed 77184K, reserved 557056K
  class space    used 10678K, committed 11008K, reserved 425984K
}
Event: 20.212 GC heap after
{Heap after GC invocations=36 (full 0):
 garbage-first heap   total 171008K, used 87278K [0x0000000080000000, 0x0000000100000000)
  region size 1024K, 6 young (6144K), 6 survivors (6144K)
 Metaspace       used 76410K, committed 77184K, reserved 557056K
  class space    used 10678K, committed 11008K, reserved 425984K
}
Event: 20.911 GC heap before
{Heap before GC invocations=37 (full 0):
 garbage-first heap   total 171008K, used 141550K [0x0000000080000000, 0x0000000100000000)
  region size 1024K, 54 young (55296K), 6 survivors (6144K)
 Metaspace       used 79001K, committed 79680K, reserved 557056K
  class space    used 11027K, committed 11328K, reserved 425984K
}
Event: 20.921 GC heap after
{Heap after GC invocations=38 (full 0):
 garbage-first heap   total 171008K, used 90981K [0x0000000080000000, 0x0000000100000000)
  region size 1024K, 6 young (6144K), 6 survivors (6144K)
 Metaspace       used 79001K, committed 79680K, reserved 557056K
  class space    used 11027K, committed 11328K, reserved 425984K
}
Event: 21.522 GC heap before
{Heap before GC invocations=38 (full 0):
 garbage-first heap   total 171008K, used 138085K [0x0000000080000000, 0x0000000100000000)
  region size 1024K, 52 young (53248K), 6 survivors (6144K)
 Metaspace       used 82507K, committed 83264K, reserved 557056K
  class space    used 11489K, committed 11840K, reserved 425984K
}
Event: 21.531 GC heap after
{Heap after GC invocations=39 (full 0):
 garbage-first heap   total 171008K, used 93023K [0x0000000080000000, 0x0000000100000000)
  region size 1024K, 3 young (3072K), 3 survivors (3072K)
 Metaspace       used 82507K, committed 83264K, reserved 557056K
  class space    used 11489K, committed 11840K, reserved 425984K
}
Event: 21.915 GC heap before
{Heap before GC invocations=40 (full 0):
 garbage-first heap   total 171008K, used 139103K [0x0000000080000000, 0x0000000100000000)
  region size 1024K, 48 young (49152K), 3 survivors (3072K)
 Metaspace       used 82796K, committed 83520K, reserved 557056K
  class space    used 11535K, committed 11904K, reserved 425984K
}
Event: 21.920 GC heap after
{Heap after GC invocations=41 (full 0):
 garbage-first heap   total 171008K, used 96268K [0x0000000080000000, 0x0000000100000000)
  region size 1024K, 6 young (6144K), 6 survivors (6144K)
 Metaspace       used 82796K, committed 83520K, reserved 557056K
  class space    used 11535K, committed 11904K, reserved 425984K
}
Event: 21.940 GC heap before
{Heap before GC invocations=41 (full 0):
 garbage-first heap   total 171008K, used 98316K [0x0000000080000000, 0x0000000100000000)
  region size 1024K, 8 young (8192K), 6 survivors (6144K)
 Metaspace       used 82857K, committed 83584K, reserved 557056K
  class space    used 11545K, committed 11904K, reserved 425984K
}
Event: 21.948 GC heap after
{Heap after GC invocations=42 (full 0):
 garbage-first heap   total 452608K, used 97025K [0x0000000080000000, 0x0000000100000000)
  region size 1024K, 1 young (1024K), 1 survivors (1024K)
 Metaspace       used 82857K, committed 83584K, reserved 557056K
  class space    used 11545K, committed 11904K, reserved 425984K
}
Event: 30.175 GC heap before
{Heap before GC invocations=42 (full 0):
 garbage-first heap   total 452608K, used 297729K [0x0000000080000000, 0x0000000100000000)
  region size 1024K, 197 young (201728K), 1 survivors (1024K)
 Metaspace       used 92419K, committed 93248K, reserved 557056K
  class space    used 13015K, committed 13440K, reserved 425984K
}
Event: 30.190 GC heap after
{Heap after GC invocations=43 (full 0):
 garbage-first heap   total 452608K, used 108952K [0x0000000080000000, 0x0000000100000000)
  region size 1024K, 13 young (13312K), 13 survivors (13312K)
 Metaspace       used 92419K, committed 93248K, reserved 557056K
  class space    used 13015K, committed 13440K, reserved 425984K
}
Event: 33.507 GC heap before
{Heap before GC invocations=43 (full 0):
 garbage-first heap   total 452608K, used 362904K [0x0000000080000000, 0x0000000100000000)
  region size 1024K, 250 young (256000K), 13 survivors (13312K)
 Metaspace       used 98357K, committed 99712K, reserved 557056K
  class space    used 13837K, committed 14464K, reserved 425984K
}
Event: 33.562 GC heap after
{Heap after GC invocations=44 (full 0):
 garbage-first heap   total 452608K, used 176442K [0x0000000080000000, 0x0000000100000000)
  region size 1024K, 32 young (32768K), 32 survivors (32768K)
 Metaspace       used 98357K, committed 99712K, reserved 557056K
  class space    used 13837K, committed 14464K, reserved 425984K
}
Event: 35.282 GC heap before
{Heap before GC invocations=44 (full 0):
 garbage-first heap   total 452608K, used 338234K [0x0000000080000000, 0x0000000100000000)
  region size 1024K, 189 young (193536K), 32 survivors (32768K)
 Metaspace       used 104777K, committed 106304K, reserved 557056K
  class space    used 14762K, committed 15488K, reserved 425984K
}
Event: 35.321 GC heap after
{Heap after GC invocations=45 (full 0):
 garbage-first heap   total 452608K, used 194048K [0x0000000080000000, 0x0000000100000000)
  region size 1024K, 16 young (16384K), 16 survivors (16384K)
 Metaspace       used 104777K, committed 106304K, reserved 557056K
  class space    used 14762K, committed 15488K, reserved 425984K
}
Event: 37.147 GC heap before
{Heap before GC invocations=45 (full 0):
 garbage-first heap   total 452608K, used 349696K [0x0000000080000000, 0x0000000100000000)
  region size 1024K, 166 young (169984K), 16 survivors (16384K)
 Metaspace       used 105746K, committed 107392K, reserved 557056K
  class space    used 14883K, committed 15616K, reserved 425984K
}

